INFO:2016-10-11 11:02:13:Welcome to dx_environment.py, version v.0.0.001
INFO:2016-10-11 11:02:13:Executing against the default Delphix Engine in the dxtools.conf: landshark
INFO:2016-10-11 11:02:20:landshark: 0 jobs running. 
INFO:2016-10-11 11:04:28:script took 2.2 minutes to get this far.
INFO:2016-10-11 11:05:18:Welcome to dx_environment.py, version v.0.0.001
INFO:2016-10-11 11:05:18:Executing against the default Delphix Engine in the dxtools.conf: landshark
INFO:2016-10-11 11:05:19:landshark: 0 jobs running. 
INFO:2016-10-11 11:05:22:script took 0.1 minutes to get this far.
INFO:2016-10-12 22:25:39:Welcome to dx_environment.py, version v.0.1.100
INFO:2016-10-12 22:25:39:Executing against Delphix Engine: landshark
INFO:2016-10-12 22:25:40:landshark: Environment: RUNNING
INFO:2016-10-12 22:25:40:landshark: 1 jobs running. 
INFO:2016-10-12 22:25:50:landshark: Environment: RUNNING
INFO:2016-10-12 22:25:50:landshark: 1 jobs running. 
INFO:2016-10-12 22:26:00:landshark: Environment: RUNNING
INFO:2016-10-12 22:26:00:landshark: 1 jobs running. 
INFO:2016-10-12 22:26:10:landshark: Environment: RUNNING
INFO:2016-10-12 22:26:10:landshark: 1 jobs running. 
INFO:2016-10-12 22:30:53:landshark: Environment: RUNNING
INFO:2016-10-12 22:30:53:landshark: 1 jobs running. 
INFO:2016-10-12 22:31:03:landshark: Environment: COMPLETED
INFO:2016-10-12 22:31:03:script took 5.4 minutes to get this far.
